# JRE version: OpenJDK Runtime Environment (11.0.10) (build 11.0.10+0-b96-7249189)
# Java VM: OpenJDK 64-Bit Server VM (11.0.10+0-b96-7249189, mixed mode, tiered, compressed oops, g1 gc, windows-amd64)
Heap:
 garbage-first heap   total 445440K, used 191924K [0x0000000080000000, 0x0000000100000000)
  region size 1024K, 29 young (29696K), 7 survivors (7168K)
 Metaspace       used 159408K, capacity 164753K, committed 171684K, reserved 1198080K
  class space    used 19437K, capacity 21242K, committed 22220K, reserved 1048576K
GC Heap History (20 events):
Event: 7868.127 GC heap before
{Heap before GC invocations=170 (full 0):
 garbage-first heap   total 445440K, used 174198K [0x0000000080000000, 0x0000000100000000)
  region size 1024K, 29 young (29696K), 3 survivors (3072K)
 Metaspace       used 146157K, capacity 151200K, committed 161828K, reserved 1189888K
  class space    used 17848K, capacity 19602K, committed 21324K, reserved 1048576K
}
Event: 7868.141 GC heap after
{Heap after GC invocations=171 (full 0):
 garbage-first heap   total 445440K, used 150515K [0x0000000080000000, 0x0000000100000000)
  region size 1024K, 4 young (4096K), 4 survivors (4096K)
 Metaspace       used 146157K, capacity 151200K, committed 161828K, reserved 1189888K
  class space    used 17848K, capacity 19602K, committed 21324K, reserved 1048576K
}
Event: 9316.856 GC heap before
{Heap before GC invocations=172 (full 0):
 garbage-first heap   total 445440K, used 297971K [0x0000000080000000, 0x0000000100000000)
  region size 1024K, 145 young (148480K), 4 survivors (4096K)
 Metaspace       used 147449K, capacity 152878K, committed 161828K, reserved 1189888K
  class space    used 18023K, capacity 19872K, committed 21324K, reserved 1048576K
}
Event: 9316.869 GC heap after
{Heap after GC invocations=173 (full 0):
 garbage-first heap   total 445440K, used 153753K [0x0000000080000000, 0x0000000100000000)
  region size 1024K, 7 young (7168K), 7 survivors (7168K)
 Metaspace       used 147449K, capacity 152878K, committed 161828K, reserved 1189888K
  class space    used 18023K, capacity 19872K, committed 21324K, reserved 1048576K
}
Event: 9317.121 GC heap before
{Heap before GC invocations=173 (full 0):
 garbage-first heap   total 445440K, used 168089K [0x0000000080000000, 0x0000000100000000)
  region size 1024K, 21 young (21504K), 7 survivors (7168K)
 Metaspace       used 148196K, capacity 153672K, committed 161828K, reserved 1189888K
  class space    used 18149K, capacity 20010K, committed 21324K, reserved 1048576K
}
Event: 9317.146 GC heap after
{Heap after GC invocations=174 (full 0):
 garbage-first heap   total 445440K, used 140878K [0x0000000080000000, 0x0000000100000000)
  region size 1024K, 2 young (2048K), 2 survivors (2048K)
 Metaspace       used 148196K, capacity 153672K, committed 161828K, reserved 1189888K
  class space    used 18149K, capacity 20010K, committed 21324K, reserved 1048576K
}
Event: 9317.611 GC heap before
{Heap before GC invocations=174 (full 0):
 garbage-first heap   total 445440K, used 166478K [0x0000000080000000, 0x0000000100000000)
  region size 1024K, 28 young (28672K), 2 survivors (2048K)
 Metaspace       used 150368K, capacity 155901K, committed 161828K, reserved 1189888K
  class space    used 18407K, capacity 20287K, committed 21324K, reserved 1048576K
}
Event: 9317.622 GC heap after
{Heap after GC invocations=175 (full 0):
 garbage-first heap   total 445440K, used 142709K [0x0000000080000000, 0x0000000100000000)
  region size 1024K, 4 young (4096K), 4 survivors (4096K)
 Metaspace       used 150368K, capacity 155901K, committed 161828K, reserved 1189888K
  class space    used 18407K, capacity 20287K, committed 21324K, reserved 1048576K
}
Event: 9747.269 GC heap before
{Heap before GC invocations=176 (full 0):
 garbage-first heap   total 445440K, used 284021K [0x0000000080000000, 0x0000000100000000)
  region size 1024K, 144 young (147456K), 4 survivors (4096K)
 Metaspace       used 159388K, capacity 164712K, committed 165028K, reserved 1193984K
  class space    used 19481K, capacity 21346K, committed 21452K, reserved 1048576K
}
Event: 9747.290 GC heap after
{Heap after GC invocations=177 (full 0):
 garbage-first heap   total 445440K, used 148812K [0x0000000080000000, 0x0000000100000000)
  region size 1024K, 12 young (12288K), 12 survivors (12288K)
 Metaspace       used 159388K, capacity 164712K, committed 165028K, reserved 1193984K
  class space    used 19481K, capacity 21346K, committed 21452K, reserved 1048576K
}
Event: 9747.436 GC heap before
{Heap before GC invocations=177 (full 0):
 garbage-first heap   total 445440K, used 157004K [0x0000000080000000, 0x0000000100000000)
  region size 1024K, 21 young (21504K), 12 survivors (12288K)
 Metaspace       used 160024K, capacity 165468K, committed 165668K, reserved 1193984K
  class space    used 19553K, capacity 21426K, committed 21580K, reserved 1048576K
}
Event: 9747.466 GC heap after
{Heap after GC invocations=178 (full 0):
 garbage-first heap   total 445440K, used 138068K [0x0000000080000000, 0x0000000100000000)
  region size 1024K, 2 young (2048K), 2 survivors (2048K)
 Metaspace       used 160024K, capacity 165468K, committed 165668K, reserved 1193984K
  class space    used 19553K, capacity 21426K, committed 21580K, reserved 1048576K
}
Event: 9748.411 GC heap before
{Heap before GC invocations=178 (full 0):
 garbage-first heap   total 445440K, used 193364K [0x0000000080000000, 0x0000000100000000)
  region size 1024K, 58 young (59392K), 2 survivors (2048K)
 Metaspace       used 163983K, capacity 169472K, committed 169636K, reserved 1198080K
  class space    used 20075K, capacity 21932K, committed 21964K, reserved 1048576K
}
Event: 9748.428 GC heap after
{Heap after GC invocations=179 (full 0):
 garbage-first heap   total 445440K, used 142094K [0x0000000080000000, 0x0000000100000000)
  region size 1024K, 6 young (6144K), 6 survivors (6144K)
 Metaspace       used 163983K, capacity 169472K, committed 169636K, reserved 1198080K
  class space    used 20075K, capacity 21932K, committed 21964K, reserved 1048576K
}
Event: 10321.142 GC heap before
{Heap before GC invocations=180 (full 0):
 garbage-first heap   total 445440K, used 304910K [0x0000000080000000, 0x0000000100000000)
  region size 1024K, 162 young (165888K), 6 survivors (6144K)
 Metaspace       used 159331K, capacity 164633K, committed 171684K, reserved 1198080K
  class space    used 19427K, capacity 21222K, committed 22220K, reserved 1048576K
}
Event: 10321.238 GC heap after
{Heap after GC invocations=181 (full 0):
 garbage-first heap   total 445440K, used 165165K [0x0000000080000000, 0x0000000100000000)
  region size 1024K, 21 young (21504K), 21 survivors (21504K)
 Metaspace       used 159331K, capacity 164633K, committed 171684K, reserved 1198080K
  class space    used 19427K, capacity 21222K, committed 22220K, reserved 1048576K
}
Event: 10321.250 GC heap before
{Heap before GC invocations=181 (full 0):
 garbage-first heap   total 445440K, used 166189K [0x0000000080000000, 0x0000000100000000)
  region size 1024K, 22 young (22528K), 21 survivors (21504K)
 Metaspace       used 159331K, capacity 164633K, committed 171684K, reserved 1198080K
  class space    used 19427K, capacity 21222K, committed 22220K, reserved 1048576K
}
Event: 10321.315 GC heap after
{Heap after GC invocations=182 (full 0):
 garbage-first heap   total 445440K, used 156672K [0x0000000080000000, 0x0000000100000000)
  region size 1024K, 1 young (1024K), 1 survivors (1024K)
 Metaspace       used 159331K, capacity 164633K, committed 171684K, reserved 1198080K
  class space    used 19427K, capacity 21222K, committed 22220K, reserved 1048576K
}
Event: 10321.495 GC heap before
{Heap before GC invocations=182 (full 0):
 garbage-first heap   total 445440K, used 182272K [0x0000000080000000, 0x0000000100000000)
  region size 1024K, 27 young (27648K), 1 survivors (1024K)
 Metaspace       used 159408K, capacity 164753K, committed 171684K, reserved 1198080K
  class space    used 19437K, capacity 21242K, committed 22220K, reserved 1048576K
}
Event: 10321.519 GC heap after
{Heap after GC invocations=183 (full 0):
 garbage-first heap   total 445440K, used 162228K [0x0000000080000000, 0x0000000100000000)
  region size 1024K, 7 young (7168K), 7 survivors (7168K)
 Metaspace       used 159408K, capacity 164753K, committed 171684K, reserved 1198080K
  class space    used 19437K, capacity 21242K, committed 22220K, reserved 1048576K
}

